<?xml version="1.0" encoding="UTF-8"?>
<testng-results ignored="0" total="1" passed="1" failed="0" skipped="0">
  <reporter-output>
  </reporter-output>
  <suite started-at="2024-01-22T22:25:41 IST" name="Suite" finished-at="2024-01-22T22:26:21 IST" duration-ms="39973">
    <groups>
    </groups>
    <test started-at="2024-01-22T22:25:41 IST" name="Test" finished-at="2024-01-22T22:26:21 IST" duration-ms="39973">
      <class name="hrmTestCase.LoginTest">
        <test-method is-config="true" signature="setup()[pri:0, instance:hrmTestCase.LoginTest@385e9564]" started-at="2024-01-22T22:25:41 IST" name="setup" finished-at="2024-01-22T22:25:58 IST" duration-ms="16791" status="PASS">
          <reporter-output>
          </reporter-output>
        </test-method> <!-- setup -->
        <test-method signature="verifyLogin()[pri:0, instance:hrmTestCase.LoginTest@385e9564]" started-at="2024-01-22T22:25:58 IST" name="verifyLogin" finished-at="2024-01-22T22:26:14 IST" duration-ms="16005" status="PASS">
          <reporter-output>
          </reporter-output>
        </test-method> <!-- verifyLogin -->
        <test-method is-config="true" signature="teardown()[pri:0, instance:hrmTestCase.LoginTest@385e9564]" started-at="2024-01-22T22:26:14 IST" name="teardown" finished-at="2024-01-22T22:26:21 IST" duration-ms="7153" status="PASS">
          <reporter-output>
          </reporter-output>
        </test-method> <!-- teardown -->
      </class> <!-- hrmTestCase.LoginTest -->
    </test> <!-- Test -->
  </suite> <!-- Suite -->
</testng-results>
