<?xml version="1.0" encoding="UTF-8"?>
<testng-results ignored="0" total="1" passed="1" failed="0" skipped="0">
  <reporter-output>
  </reporter-output>
  <suite started-at="2024-01-17T09:31:25 IST" name="Suite" finished-at="2024-01-17T09:31:53 IST" duration-ms="28335">
    <groups>
    </groups>
    <test started-at="2024-01-17T09:31:25 IST" name="Test" finished-at="2024-01-17T09:31:53 IST" duration-ms="28335">
      <class name="hrmTestCase.LoginTest">
        <test-method is-config="true" signature="setup()[pri:0, instance:hrmTestCase.LoginTest@8c3b9d]" started-at="2024-01-17T09:31:25 IST" name="setup" finished-at="2024-01-17T09:31:41 IST" duration-ms="16009" status="PASS">
          <reporter-output>
          </reporter-output>
        </test-method> <!-- setup -->
        <test-method signature="verifyLogin()[pri:0, instance:hrmTestCase.LoginTest@8c3b9d]" started-at="2024-01-17T09:31:41 IST" name="verifyLogin" finished-at="2024-01-17T09:31:46 IST" duration-ms="5069" status="PASS">
          <reporter-output>
          </reporter-output>
        </test-method> <!-- verifyLogin -->
        <test-method is-config="true" signature="teardown()[pri:0, instance:hrmTestCase.LoginTest@8c3b9d]" started-at="2024-01-17T09:31:46 IST" name="teardown" finished-at="2024-01-17T09:31:53 IST" duration-ms="7236" status="PASS">
          <reporter-output>
          </reporter-output>
        </test-method> <!-- teardown -->
      </class> <!-- hrmTestCase.LoginTest -->
    </test> <!-- Test -->
  </suite> <!-- Suite -->
</testng-results>
